2020-06-19 13:44:31 - PHP Notice:  Array to string conversion in /home/duongth/htdocs/opencart/upload/system/storage/cache/e0/e0f48861bc4f5e2e23e0c37713430a8695bf0c947832a1224d81998f672a2219.php on line 68
2020-06-19 13:45:08 - PHP Notice:  Array to string conversion in /home/duongth/htdocs/opencart/upload/system/storage/cache/e0/e0f48861bc4f5e2e23e0c37713430a8695bf0c947832a1224d81998f672a2219.php on line 68
2020-06-19 13:45:09 - PHP Notice:  Array to string conversion in /home/duongth/htdocs/opencart/upload/system/storage/cache/e0/e0f48861bc4f5e2e23e0c37713430a8695bf0c947832a1224d81998f672a2219.php on line 68
2020-06-19 13:51:04 - PHP Notice:  Array to string conversion in /home/duongth/htdocs/opencart/upload/system/storage/cache/e0/e0f48861bc4f5e2e23e0c37713430a8695bf0c947832a1224d81998f672a2219.php on line 68
2020-06-19 13:51:32 - PHP Notice:  Array to string conversion in /home/duongth/htdocs/opencart/upload/system/storage/cache/e0/e0f48861bc4f5e2e23e0c37713430a8695bf0c947832a1224d81998f672a2219.php on line 68
2020-06-19 13:54:40 - PHP Notice:  Array to string conversion in /home/duongth/htdocs/opencart/upload/system/storage/cache/e0/e0f48861bc4f5e2e23e0c37713430a8695bf0c947832a1224d81998f672a2219.php on line 68
2020-06-19 14:02:00 - PHP Notice:  Array to string conversion in /home/duongth/htdocs/opencart/upload/system/storage/cache/e0/e0f48861bc4f5e2e23e0c37713430a8695bf0c947832a1224d81998f672a2219.php on line 68
2020-06-19 14:06:38 - PHP Notice:  Array to string conversion in /home/duongth/htdocs/opencart/upload/system/storage/cache/e0/e0f48861bc4f5e2e23e0c37713430a8695bf0c947832a1224d81998f672a2219.php on line 68
2020-06-19 14:06:40 - PHP Notice:  Array to string conversion in /home/duongth/htdocs/opencart/upload/system/storage/cache/e0/e0f48861bc4f5e2e23e0c37713430a8695bf0c947832a1224d81998f672a2219.php on line 68
2020-06-19 14:06:51 - PHP Notice:  Array to string conversion in /home/duongth/htdocs/opencart/upload/system/storage/cache/e0/e0f48861bc4f5e2e23e0c37713430a8695bf0c947832a1224d81998f672a2219.php on line 68
2020-06-20 1:27:18 - PHP Notice:  Undefined index: config_name in F:\www\opencart\upload\install\model\upgrade\1004.php on line 119
2020-06-20 1:45:05 - PHP Notice:  Undefined index:  in F:\www\opencart\upload\catalog\controller\startup\startup.php on line 109
2020-06-20 1:45:05 - PHP Notice:  Trying to access array offset on value of type null in F:\www\opencart\upload\catalog\controller\startup\startup.php on line 109
2020-06-20 1:45:05 - PHP Warning:  fopen(F:\www\opencart/upload/system/storage/logs/): failed to open stream: No such file or directory in F:\www\opencart\upload\system\library\log.php on line 22
2020-06-20 1:47:49 - PHP Notice:  Undefined index:  in F:\www\opencart\upload\catalog\controller\startup\startup.php on line 109
2020-06-20 1:47:49 - PHP Notice:  Trying to access array offset on value of type null in F:\www\opencart\upload\catalog\controller\startup\startup.php on line 109
2020-06-20 1:47:49 - PHP Warning:  fopen(F:\www\opencart/upload/system/storage/logs/): failed to open stream: No such file or directory in F:\www\opencart\upload\system\library\log.php on line 22
2020-06-20 1:50:07 - PHP Notice:  Undefined index:  in F:\www\opencart\upload\catalog\controller\startup\startup.php on line 109
2020-06-20 1:50:07 - PHP Notice:  Trying to access array offset on value of type null in F:\www\opencart\upload\catalog\controller\startup\startup.php on line 109
2020-06-20 1:50:07 - PHP Warning:  fopen(F:\www\opencart/upload/system/storage/logs/): failed to open stream: No such file or directory in F:\www\opencart\upload\system\library\log.php on line 22
2020-07-04 2:48:22 - PHP Warning:  mysqli::__construct(): (HY000/2002): No connection could be made because the target machine actively refused it.
 in F:\www\opencart\upload\system\library\db\mysqli.php on line 7
2020-07-04 2:48:22 - PHP Warning:  DB\MySQLi::__construct(): Couldn't fetch mysqli in F:\www\opencart\upload\system\library\db\mysqli.php on line 10
2020-07-04 2:48:22 - PHP Warning:  DB\MySQLi::__construct(): Couldn't fetch mysqli in F:\www\opencart\upload\system\library\db\mysqli.php on line 10
